2017-11-07 16:53:23,853 [Worker-5] INFO  o.e.m.c.i.p.ProjectConfigurationManager - Collecting project info '/pom.xml' C:\Users\Dreadful\Documents\GitHub\epam-java\lab1.task1\pom.xml
2017-11-07 16:53:29,436 [Worker-5] INFO  o.e.m.c.i.l.LifecycleMappingFactory - Using org.eclipse.m2e.jdt.JarLifecycleMapping lifecycle mapping for MavenProject: com.epam:lab1.task1:0.0.1-SNAPSHOT @ C:\Users\Dreadful\Documents\GitHub\epam-java\lab1.task1\pom.xml.
2017-11-07 16:53:30,734 [Worker-5] INFO  o.e.m.j.i.AbstractJavaProjectConfigurator - Adding source folder /lab1.task1/src/main/java
2017-11-07 16:53:30,750 [Worker-5] INFO  o.e.m.j.i.AbstractJavaProjectConfigurator - Adding source folder /lab1.task1/src/test/java
2017-11-07 16:53:31,520 [Worker-5] INFO  o.e.m.c.i.p.ProjectConfigurationManager - Imported and configured 1 project(s) in 7 sec
2017-11-07 16:53:32,303 [Worker-5] INFO  o.e.m.c.i.embedder.EclipseLogger - Using 'UTF-8' encoding to copy filtered resources.
2017-11-07 16:53:32,304 [Worker-5] INFO  o.e.m.c.i.embedder.EclipseLogger - skip non existing resourceDirectory C:\Users\Dreadful\Documents\GitHub\epam-java\lab1.task1\src\main\resources
2017-11-07 16:53:32,307 [Worker-5] INFO  o.e.m.c.i.embedder.EclipseLogger - Using 'UTF-8' encoding to copy filtered resources.
2017-11-07 16:53:32,307 [Worker-5] INFO  o.e.m.c.i.embedder.EclipseLogger - skip non existing resourceDirectory C:\Users\Dreadful\Documents\GitHub\epam-java\lab1.task1\src\test\resources
2017-11-07 16:54:03,575 [Worker-3] INFO  o.e.m.c.i.embedder.EclipseLogger - Using 'UTF-8' encoding to copy filtered resources.
2017-11-07 16:54:03,575 [Worker-3] INFO  o.e.m.c.i.embedder.EclipseLogger - skip non existing resourceDirectory C:\Users\Dreadful\Documents\GitHub\epam-java\lab1.task1\src\main\resources
2017-11-07 16:54:03,577 [Worker-3] INFO  o.e.m.c.i.embedder.EclipseLogger - Using 'UTF-8' encoding to copy filtered resources.
2017-11-07 16:54:03,578 [Worker-3] INFO  o.e.m.c.i.embedder.EclipseLogger - skip non existing resourceDirectory C:\Users\Dreadful\Documents\GitHub\epam-java\lab1.task1\src\test\resources
2017-11-07 16:57:07,451 [Worker-6] INFO  o.e.m.c.i.embedder.EclipseLogger - Using 'UTF-8' encoding to copy filtered resources.
2017-11-07 16:57:07,452 [Worker-6] INFO  o.e.m.c.i.embedder.EclipseLogger - skip non existing resourceDirectory C:\Users\Dreadful\Documents\GitHub\epam-java\lab1.task1\src\main\resources
2017-11-07 16:57:07,454 [Worker-6] INFO  o.e.m.c.i.embedder.EclipseLogger - Using 'UTF-8' encoding to copy filtered resources.
2017-11-07 16:57:07,463 [Worker-6] INFO  o.e.m.c.i.embedder.EclipseLogger - skip non existing resourceDirectory C:\Users\Dreadful\Documents\GitHub\epam-java\lab1.task1\src\test\resources
2017-11-07 16:57:31,919 [Worker-4] INFO  o.e.m.c.i.embedder.EclipseLogger - Using 'UTF-8' encoding to copy filtered resources.
2017-11-07 16:57:31,919 [Worker-4] INFO  o.e.m.c.i.embedder.EclipseLogger - skip non existing resourceDirectory C:\Users\Dreadful\Documents\GitHub\epam-java\lab1.task1\src\main\resources
2017-11-07 16:57:31,921 [Worker-4] INFO  o.e.m.c.i.embedder.EclipseLogger - Using 'UTF-8' encoding to copy filtered resources.
2017-11-07 16:57:31,929 [Worker-4] INFO  o.e.m.c.i.embedder.EclipseLogger - skip non existing resourceDirectory C:\Users\Dreadful\Documents\GitHub\epam-java\lab1.task1\src\test\resources
2017-11-07 16:57:55,393 [Worker-6] INFO  o.e.m.c.i.embedder.EclipseLogger - Using 'UTF-8' encoding to copy filtered resources.
2017-11-07 16:57:55,401 [Worker-6] INFO  o.e.m.c.i.embedder.EclipseLogger - skip non existing resourceDirectory C:\Users\Dreadful\Documents\GitHub\epam-java\lab1.task1\src\main\resources
2017-11-07 16:57:55,408 [Worker-6] INFO  o.e.m.c.i.embedder.EclipseLogger - Using 'UTF-8' encoding to copy filtered resources.
2017-11-07 16:57:55,416 [Worker-6] INFO  o.e.m.c.i.embedder.EclipseLogger - skip non existing resourceDirectory C:\Users\Dreadful\Documents\GitHub\epam-java\lab1.task1\src\test\resources
2017-11-07 16:58:21,460 [Worker-1] INFO  o.e.m.c.i.embedder.EclipseLogger - Using 'UTF-8' encoding to copy filtered resources.
2017-11-07 16:58:21,461 [Worker-1] INFO  o.e.m.c.i.embedder.EclipseLogger - skip non existing resourceDirectory C:\Users\Dreadful\Documents\GitHub\epam-java\lab1.task1\src\main\resources
2017-11-07 16:58:21,467 [Worker-1] INFO  o.e.m.c.i.embedder.EclipseLogger - Using 'UTF-8' encoding to copy filtered resources.
2017-11-07 16:58:21,478 [Worker-1] INFO  o.e.m.c.i.embedder.EclipseLogger - skip non existing resourceDirectory C:\Users\Dreadful\Documents\GitHub\epam-java\lab1.task1\src\test\resources
2017-11-07 16:58:51,392 [Worker-3] INFO  o.e.m.c.i.embedder.EclipseLogger - Using 'UTF-8' encoding to copy filtered resources.
2017-11-07 16:58:51,399 [Worker-3] INFO  o.e.m.c.i.embedder.EclipseLogger - skip non existing resourceDirectory C:\Users\Dreadful\Documents\GitHub\epam-java\lab1.task1\src\main\resources
2017-11-07 16:58:51,407 [Worker-3] INFO  o.e.m.c.i.embedder.EclipseLogger - Using 'UTF-8' encoding to copy filtered resources.
2017-11-07 16:58:51,413 [Worker-3] INFO  o.e.m.c.i.embedder.EclipseLogger - skip non existing resourceDirectory C:\Users\Dreadful\Documents\GitHub\epam-java\lab1.task1\src\test\resources
2017-11-07 17:01:02,330 [Worker-5] INFO  o.e.m.c.i.embedder.EclipseLogger - Using 'UTF-8' encoding to copy filtered resources.
2017-11-07 17:01:02,330 [Worker-5] INFO  o.e.m.c.i.embedder.EclipseLogger - skip non existing resourceDirectory C:\Users\Dreadful\Documents\GitHub\epam-java\lab1.task1\src\main\resources
2017-11-07 17:01:02,333 [Worker-5] INFO  o.e.m.c.i.embedder.EclipseLogger - Using 'UTF-8' encoding to copy filtered resources.
2017-11-07 17:01:02,342 [Worker-5] INFO  o.e.m.c.i.embedder.EclipseLogger - skip non existing resourceDirectory C:\Users\Dreadful\Documents\GitHub\epam-java\lab1.task1\src\test\resources
2017-11-07 17:01:54,245 [Worker-1] INFO  o.e.m.c.i.embedder.EclipseLogger - Using 'UTF-8' encoding to copy filtered resources.
2017-11-07 17:01:54,255 [Worker-1] INFO  o.e.m.c.i.embedder.EclipseLogger - skip non existing resourceDirectory C:\Users\Dreadful\Documents\GitHub\epam-java\lab1.task1\src\main\resources
2017-11-07 17:01:54,276 [Worker-1] INFO  o.e.m.c.i.embedder.EclipseLogger - Using 'UTF-8' encoding to copy filtered resources.
2017-11-07 17:01:54,286 [Worker-1] INFO  o.e.m.c.i.embedder.EclipseLogger - skip non existing resourceDirectory C:\Users\Dreadful\Documents\GitHub\epam-java\lab1.task1\src\test\resources
2017-11-07 17:02:01,134 [Worker-4] INFO  o.e.m.c.i.embedder.EclipseLogger - Using 'UTF-8' encoding to copy filtered resources.
2017-11-07 17:02:01,135 [Worker-4] INFO  o.e.m.c.i.embedder.EclipseLogger - skip non existing resourceDirectory C:\Users\Dreadful\Documents\GitHub\epam-java\lab1.task1\src\main\resources
2017-11-07 17:02:01,137 [Worker-4] INFO  o.e.m.c.i.embedder.EclipseLogger - Using 'UTF-8' encoding to copy filtered resources.
2017-11-07 17:02:01,148 [Worker-4] INFO  o.e.m.c.i.embedder.EclipseLogger - skip non existing resourceDirectory C:\Users\Dreadful\Documents\GitHub\epam-java\lab1.task1\src\test\resources
2017-11-07 17:02:05,880 [Worker-1] INFO  o.e.m.c.i.embedder.EclipseLogger - Using 'UTF-8' encoding to copy filtered resources.
2017-11-07 17:02:05,889 [Worker-1] INFO  o.e.m.c.i.embedder.EclipseLogger - skip non existing resourceDirectory C:\Users\Dreadful\Documents\GitHub\epam-java\lab1.task1\src\main\resources
2017-11-07 17:02:05,897 [Worker-1] INFO  o.e.m.c.i.embedder.EclipseLogger - Using 'UTF-8' encoding to copy filtered resources.
2017-11-07 17:02:05,904 [Worker-1] INFO  o.e.m.c.i.embedder.EclipseLogger - skip non existing resourceDirectory C:\Users\Dreadful\Documents\GitHub\epam-java\lab1.task1\src\test\resources
2017-11-07 17:02:36,766 [Worker-5] INFO  o.e.m.c.i.embedder.EclipseLogger - Using 'UTF-8' encoding to copy filtered resources.
2017-11-07 17:02:36,767 [Worker-5] INFO  o.e.m.c.i.embedder.EclipseLogger - skip non existing resourceDirectory C:\Users\Dreadful\Documents\GitHub\epam-java\lab1.task1\src\main\resources
2017-11-07 17:02:36,768 [Worker-5] INFO  o.e.m.c.i.embedder.EclipseLogger - Using 'UTF-8' encoding to copy filtered resources.
2017-11-07 17:02:36,773 [Worker-5] INFO  o.e.m.c.i.embedder.EclipseLogger - skip non existing resourceDirectory C:\Users\Dreadful\Documents\GitHub\epam-java\lab1.task1\src\test\resources
2017-11-07 17:02:58,245 [Worker-1] INFO  o.e.m.c.i.embedder.EclipseLogger - Using 'UTF-8' encoding to copy filtered resources.
2017-11-07 17:02:58,250 [Worker-1] INFO  o.e.m.c.i.embedder.EclipseLogger - skip non existing resourceDirectory C:\Users\Dreadful\Documents\GitHub\epam-java\lab1.task1\src\main\resources
2017-11-07 17:02:58,257 [Worker-1] INFO  o.e.m.c.i.embedder.EclipseLogger - Using 'UTF-8' encoding to copy filtered resources.
2017-11-07 17:02:58,263 [Worker-1] INFO  o.e.m.c.i.embedder.EclipseLogger - skip non existing resourceDirectory C:\Users\Dreadful\Documents\GitHub\epam-java\lab1.task1\src\test\resources
2017-11-07 17:03:24,884 [Worker-6] INFO  o.e.m.c.i.embedder.EclipseLogger - Using 'UTF-8' encoding to copy filtered resources.
2017-11-07 17:03:24,885 [Worker-6] INFO  o.e.m.c.i.embedder.EclipseLogger - skip non existing resourceDirectory C:\Users\Dreadful\Documents\GitHub\epam-java\lab1.task1\src\main\resources
2017-11-07 17:03:24,887 [Worker-6] INFO  o.e.m.c.i.embedder.EclipseLogger - Using 'UTF-8' encoding to copy filtered resources.
2017-11-07 17:03:24,897 [Worker-6] INFO  o.e.m.c.i.embedder.EclipseLogger - skip non existing resourceDirectory C:\Users\Dreadful\Documents\GitHub\epam-java\lab1.task1\src\test\resources
2017-11-07 17:04:04,107 [Worker-9] INFO  o.e.m.c.i.embedder.EclipseLogger - Using 'UTF-8' encoding to copy filtered resources.
2017-11-07 17:04:04,113 [Worker-9] INFO  o.e.m.c.i.embedder.EclipseLogger - skip non existing resourceDirectory C:\Users\Dreadful\Documents\GitHub\epam-java\lab1.task1\src\main\resources
2017-11-07 17:04:04,120 [Worker-9] INFO  o.e.m.c.i.embedder.EclipseLogger - Using 'UTF-8' encoding to copy filtered resources.
2017-11-07 17:04:04,125 [Worker-9] INFO  o.e.m.c.i.embedder.EclipseLogger - skip non existing resourceDirectory C:\Users\Dreadful\Documents\GitHub\epam-java\lab1.task1\src\test\resources
2017-11-07 17:04:29,477 [Worker-4] INFO  o.e.m.c.i.embedder.EclipseLogger - Using 'UTF-8' encoding to copy filtered resources.
2017-11-07 17:04:29,477 [Worker-4] INFO  o.e.m.c.i.embedder.EclipseLogger - skip non existing resourceDirectory C:\Users\Dreadful\Documents\GitHub\epam-java\lab1.task1\src\main\resources
2017-11-07 17:04:29,480 [Worker-4] INFO  o.e.m.c.i.embedder.EclipseLogger - Using 'UTF-8' encoding to copy filtered resources.
2017-11-07 17:04:29,486 [Worker-4] INFO  o.e.m.c.i.embedder.EclipseLogger - skip non existing resourceDirectory C:\Users\Dreadful\Documents\GitHub\epam-java\lab1.task1\src\test\resources
2017-11-07 17:04:42,541 [Worker-9] INFO  o.e.m.c.i.embedder.EclipseLogger - Using 'UTF-8' encoding to copy filtered resources.
2017-11-07 17:04:42,547 [Worker-9] INFO  o.e.m.c.i.embedder.EclipseLogger - skip non existing resourceDirectory C:\Users\Dreadful\Documents\GitHub\epam-java\lab1.task1\src\main\resources
2017-11-07 17:04:42,553 [Worker-9] INFO  o.e.m.c.i.embedder.EclipseLogger - Using 'UTF-8' encoding to copy filtered resources.
2017-11-07 17:04:42,558 [Worker-9] INFO  o.e.m.c.i.embedder.EclipseLogger - skip non existing resourceDirectory C:\Users\Dreadful\Documents\GitHub\epam-java\lab1.task1\src\test\resources
2017-11-07 17:04:54,248 [Worker-6] INFO  o.e.m.c.i.embedder.EclipseLogger - Using 'UTF-8' encoding to copy filtered resources.
2017-11-07 17:04:54,248 [Worker-6] INFO  o.e.m.c.i.embedder.EclipseLogger - skip non existing resourceDirectory C:\Users\Dreadful\Documents\GitHub\epam-java\lab1.task1\src\main\resources
2017-11-07 17:04:54,249 [Worker-6] INFO  o.e.m.c.i.embedder.EclipseLogger - Using 'UTF-8' encoding to copy filtered resources.
2017-11-07 17:04:54,257 [Worker-6] INFO  o.e.m.c.i.embedder.EclipseLogger - skip non existing resourceDirectory C:\Users\Dreadful\Documents\GitHub\epam-java\lab1.task1\src\test\resources
2017-11-07 17:05:02,301 [Worker-6] INFO  o.e.m.c.i.embedder.EclipseLogger - Using 'UTF-8' encoding to copy filtered resources.
2017-11-07 17:05:02,307 [Worker-6] INFO  o.e.m.c.i.embedder.EclipseLogger - skip non existing resourceDirectory C:\Users\Dreadful\Documents\GitHub\epam-java\lab1.task1\src\main\resources
2017-11-07 17:05:02,315 [Worker-6] INFO  o.e.m.c.i.embedder.EclipseLogger - Using 'UTF-8' encoding to copy filtered resources.
2017-11-07 17:05:02,321 [Worker-6] INFO  o.e.m.c.i.embedder.EclipseLogger - skip non existing resourceDirectory C:\Users\Dreadful\Documents\GitHub\epam-java\lab1.task1\src\test\resources
2017-11-07 17:05:27,803 [Worker-5] INFO  o.e.m.c.i.embedder.EclipseLogger - Using 'UTF-8' encoding to copy filtered resources.
2017-11-07 17:05:27,804 [Worker-5] INFO  o.e.m.c.i.embedder.EclipseLogger - skip non existing resourceDirectory C:\Users\Dreadful\Documents\GitHub\epam-java\lab1.task1\src\main\resources
2017-11-07 17:05:27,804 [Worker-5] INFO  o.e.m.c.i.embedder.EclipseLogger - Using 'UTF-8' encoding to copy filtered resources.
2017-11-07 17:05:27,810 [Worker-5] INFO  o.e.m.c.i.embedder.EclipseLogger - skip non existing resourceDirectory C:\Users\Dreadful\Documents\GitHub\epam-java\lab1.task1\src\test\resources
2017-11-07 17:05:46,321 [Worker-1] INFO  o.e.m.c.i.embedder.EclipseLogger - Using 'UTF-8' encoding to copy filtered resources.
2017-11-07 17:05:46,321 [Worker-1] INFO  o.e.m.c.i.embedder.EclipseLogger - skip non existing resourceDirectory C:\Users\Dreadful\Documents\GitHub\epam-java\lab1.task1\src\main\resources
2017-11-07 17:05:46,331 [Worker-1] INFO  o.e.m.c.i.embedder.EclipseLogger - Using 'UTF-8' encoding to copy filtered resources.
2017-11-07 17:05:46,340 [Worker-1] INFO  o.e.m.c.i.embedder.EclipseLogger - skip non existing resourceDirectory C:\Users\Dreadful\Documents\GitHub\epam-java\lab1.task1\src\test\resources
2017-11-07 17:09:52,602 [Worker-4] INFO  o.e.m.c.i.embedder.EclipseLogger - Using 'UTF-8' encoding to copy filtered resources.
2017-11-07 17:09:52,602 [Worker-4] INFO  o.e.m.c.i.embedder.EclipseLogger - skip non existing resourceDirectory C:\Users\Dreadful\Documents\GitHub\epam-java\lab1.task1\src\main\resources
2017-11-07 17:09:52,603 [Worker-4] INFO  o.e.m.c.i.embedder.EclipseLogger - Using 'UTF-8' encoding to copy filtered resources.
2017-11-07 17:09:52,610 [Worker-4] INFO  o.e.m.c.i.embedder.EclipseLogger - skip non existing resourceDirectory C:\Users\Dreadful\Documents\GitHub\epam-java\lab1.task1\src\test\resources
2017-11-07 17:09:56,313 [Worker-12] INFO  o.e.m.c.i.embedder.EclipseLogger - Using 'UTF-8' encoding to copy filtered resources.
2017-11-07 17:09:56,319 [Worker-12] INFO  o.e.m.c.i.embedder.EclipseLogger - skip non existing resourceDirectory C:\Users\Dreadful\Documents\GitHub\epam-java\lab1.task1\src\main\resources
2017-11-07 17:09:56,325 [Worker-12] INFO  o.e.m.c.i.embedder.EclipseLogger - Using 'UTF-8' encoding to copy filtered resources.
2017-11-07 17:09:56,331 [Worker-12] INFO  o.e.m.c.i.embedder.EclipseLogger - skip non existing resourceDirectory C:\Users\Dreadful\Documents\GitHub\epam-java\lab1.task1\src\test\resources
2017-11-07 17:10:01,437 [Worker-1] INFO  o.e.m.c.i.embedder.EclipseLogger - Using 'UTF-8' encoding to copy filtered resources.
2017-11-07 17:10:01,438 [Worker-1] INFO  o.e.m.c.i.embedder.EclipseLogger - skip non existing resourceDirectory C:\Users\Dreadful\Documents\GitHub\epam-java\lab1.task1\src\main\resources
2017-11-07 17:10:01,439 [Worker-1] INFO  o.e.m.c.i.embedder.EclipseLogger - Using 'UTF-8' encoding to copy filtered resources.
2017-11-07 17:10:01,448 [Worker-1] INFO  o.e.m.c.i.embedder.EclipseLogger - skip non existing resourceDirectory C:\Users\Dreadful\Documents\GitHub\epam-java\lab1.task1\src\test\resources
2017-11-07 17:10:10,541 [Worker-4] INFO  o.e.m.c.i.embedder.EclipseLogger - Using 'UTF-8' encoding to copy filtered resources.
2017-11-07 17:10:10,551 [Worker-4] INFO  o.e.m.c.i.embedder.EclipseLogger - skip non existing resourceDirectory C:\Users\Dreadful\Documents\GitHub\epam-java\lab1.task1\src\main\resources
2017-11-07 17:10:10,558 [Worker-4] INFO  o.e.m.c.i.embedder.EclipseLogger - Using 'UTF-8' encoding to copy filtered resources.
2017-11-07 17:10:10,564 [Worker-4] INFO  o.e.m.c.i.embedder.EclipseLogger - skip non existing resourceDirectory C:\Users\Dreadful\Documents\GitHub\epam-java\lab1.task1\src\test\resources
2017-11-07 17:10:16,212 [Worker-9] INFO  o.e.m.c.i.embedder.EclipseLogger - Using 'UTF-8' encoding to copy filtered resources.
2017-11-07 17:10:16,212 [Worker-9] INFO  o.e.m.c.i.embedder.EclipseLogger - skip non existing resourceDirectory C:\Users\Dreadful\Documents\GitHub\epam-java\lab1.task1\src\main\resources
2017-11-07 17:10:16,213 [Worker-9] INFO  o.e.m.c.i.embedder.EclipseLogger - Using 'UTF-8' encoding to copy filtered resources.
2017-11-07 17:10:16,219 [Worker-9] INFO  o.e.m.c.i.embedder.EclipseLogger - skip non existing resourceDirectory C:\Users\Dreadful\Documents\GitHub\epam-java\lab1.task1\src\test\resources
2017-11-07 17:10:48,369 [Worker-8] INFO  o.e.m.c.i.embedder.EclipseLogger - Using 'UTF-8' encoding to copy filtered resources.
2017-11-07 17:10:48,375 [Worker-8] INFO  o.e.m.c.i.embedder.EclipseLogger - skip non existing resourceDirectory C:\Users\Dreadful\Documents\GitHub\epam-java\lab1.task1\src\main\resources
2017-11-07 17:10:48,382 [Worker-8] INFO  o.e.m.c.i.embedder.EclipseLogger - Using 'UTF-8' encoding to copy filtered resources.
2017-11-07 17:10:48,387 [Worker-8] INFO  o.e.m.c.i.embedder.EclipseLogger - skip non existing resourceDirectory C:\Users\Dreadful\Documents\GitHub\epam-java\lab1.task1\src\test\resources
2017-11-07 17:12:16,320 [Worker-9] INFO  o.e.m.c.i.embedder.EclipseLogger - Using 'UTF-8' encoding to copy filtered resources.
2017-11-07 17:12:16,320 [Worker-9] INFO  o.e.m.c.i.embedder.EclipseLogger - skip non existing resourceDirectory C:\Users\Dreadful\Documents\GitHub\epam-java\lab1.task1\src\main\resources
2017-11-07 17:12:16,322 [Worker-9] INFO  o.e.m.c.i.embedder.EclipseLogger - Using 'UTF-8' encoding to copy filtered resources.
2017-11-07 17:12:16,327 [Worker-9] INFO  o.e.m.c.i.embedder.EclipseLogger - skip non existing resourceDirectory C:\Users\Dreadful\Documents\GitHub\epam-java\lab1.task1\src\test\resources
